
Explained.

Plan hash value: 2276017427

----------------------------------------------------------------------------------------------------
| Id  | Operation                            | Name        | Rows  | Bytes | Cost (%CPU)| Time     |
----------------------------------------------------------------------------------------------------
|   0 | SELECT STATEMENT                     |             |     1 |    66 |     6  (17)| 00:00:01 |
|   1 |  SORT ORDER BY                       |             |     1 |    66 |     6  (17)| 00:00:01 |
|   2 |   TABLE ACCESS BY INDEX ROWID BATCHED| WORKERS     |     1 |    66 |     5   (0)| 00:00:01 |
|*  3 |    INDEX RANGE SCAN                  | WORKERS_UK2 |     1 |       |     3   (0)| 00:00:01 |
----------------------------------------------------------------------------------------------------

Predicate Information (identified by operation id):
---------------------------------------------------

   3 - access("NAME"='DOE, JOHN J.')

15 rows selected.

