SP2-0310: unable to open file "select_workers_pctlikepcts2.sql"
Plan hash value: 1388734953

-----------------------------------------------------------------
| Id  | Operation        | Name | Rows  | Cost (%CPU)| Time     |
-----------------------------------------------------------------
|   0 | SELECT STATEMENT |      |     1 |     2   (0)| 00:00:01 |
|   1 |  FAST DUAL       |      |     1 |     2   (0)| 00:00:01 |
-----------------------------------------------------------------

8 rows selected.

