
Explained.

Plan hash value: 2470337875

------------------------------------------------------------------------------------------------------------
| Id  | Operation                            | Name        | Rows  | Bytes |TempSpc| Cost (%CPU)| Time     |
------------------------------------------------------------------------------------------------------------
|   0 | SELECT STATEMENT                     |             | 13000 |   837K|       | 14787   (1)| 00:00:01 |
|   1 |  SORT ORDER BY                       |             | 13000 |   837K|  1144K| 14787   (1)| 00:00:01 |
|   2 |   TABLE ACCESS BY INDEX ROWID BATCHED| WORKERS     | 13000 |   837K|       | 14579   (1)| 00:00:01 |
|*  3 |    INDEX FULL SCAN                   | WORKERS_UK2 | 13000 |       |       |  1576   (1)| 00:00:01 |
------------------------------------------------------------------------------------------------------------

Predicate Information (identified by operation id):
---------------------------------------------------

   3 - filter("NAME" LIKE '%DOE%' AND "NAME" IS NOT NULL)

15 rows selected.

