
Explained.

Plan hash value: 412163233

--------------------------------------------------------------------------------------
| Id  | Operation          | Name    | Rows  | Bytes |TempSpc| Cost (%CPU)| Time     |
--------------------------------------------------------------------------------------
|   0 | SELECT STATEMENT   |         | 13000 |   837K|       |  1065   (1)| 00:00:01 |
|   1 |  SORT ORDER BY     |         | 13000 |   837K|  1144K|  1065   (1)| 00:00:01 |
|*  2 |   TABLE ACCESS FULL| WORKERS | 13000 |   837K|       |   856   (1)| 00:00:01 |
--------------------------------------------------------------------------------------

Predicate Information (identified by operation id):
---------------------------------------------------

   2 - filter("NAME" LIKE '%DOE%' AND "NAME" IS NOT NULL)

14 rows selected.

